<?xml version="1.0" encoding="UTF-8"?>
<testng-results ignored="0" total="1" passed="1" failed="0" skipped="0">
  <reporter-output>
  </reporter-output>
  <suite started-at="2024-01-30T23:34:54 IST" name="Default suite" finished-at="2024-01-30T23:35:13 IST" duration-ms="18934">
    <groups>
    </groups>
    <test started-at="2024-01-30T23:34:54 IST" name="Default test" finished-at="2024-01-30T23:35:13 IST" duration-ms="18934">
      <class name="Pages.Testcase_20">
        <test-method is-config="true" signature="Beforetest()[pri:0, instance:Pages.Testcase_20@68c9133c]" started-at="2024-01-30T23:34:54 IST" name="Beforetest" finished-at="2024-01-30T23:35:04 IST" duration-ms="9801" status="PASS">
          <reporter-output>
          </reporter-output>
        </test-method> <!-- Beforetest -->
        <test-method signature="test()[pri:0, instance:Pages.Testcase_20@68c9133c]" started-at="2024-01-30T23:35:04 IST" name="test" finished-at="2024-01-30T23:35:12 IST" duration-ms="7760" status="PASS">
          <reporter-output>
          </reporter-output>
        </test-method> <!-- test -->
        <test-method is-config="true" signature="AfterTest()[pri:0, instance:Pages.Testcase_20@68c9133c]" started-at="2024-01-30T23:35:12 IST" name="AfterTest" finished-at="2024-01-30T23:35:13 IST" duration-ms="1319" status="PASS">
          <reporter-output>
          </reporter-output>
        </test-method> <!-- AfterTest -->
      </class> <!-- Pages.Testcase_20 -->
    </test> <!-- Default test -->
  </suite> <!-- Default suite -->
</testng-results>
